{
  "uid" : "2b88b853ed13380c",
  "name" : "test_wait_visit_case",
  "fullName" : "test_dir.test_popup.TestPopup#test_wait_visit_case",
  "historyId" : "1d978a18544ed26dc79f18bec5477ca3",
  "time" : {
    "start" : 1626834992108,
    "stop" : 1626835001218,
    "duration" : 9110
  },
  "description" : "\n        模拟业务员待回访数据验证:\n        1.查询业务员待回访数据\n        2.点击信息图标获取信息下拉菜单中的待回访客户数据\n        3.验证待回访数据\n        ",
  "descriptionHtml" : "<pre><code>    模拟业务员待回访数据验证:\n    1.查询业务员待回访数据\n    2.点击信息图标获取信息下拉菜单中的待回访客户数据\n    3.验证待回访数据\n</code></pre>\n",
  "status" : "broken",
  "statusMessage" : "selenium.common.exceptions.NoSuchElementException: Message: ❌ Find 0 elements through: name=staff_name",
  "statusTrace" : "self = <test_dir.test_popup.TestPopup object at 0x0000000003CACFA0>, browser = <selenium.webdriver.chrome.webdriver.WebDriver (session=\"cceaf9559bf6f55827270ca4a227e8ac\")>, base_url = 'http://newtest.elinkbuy.cn'\n\n    def test_wait_visit_case(self, browser, base_url):\n        \"\"\"\n        模拟业务员待回访数据验证:\n        1.查询业务员待回访数据\n        2.点击信息图标获取信息下拉菜单中的待回访客户数据\n        3.验证待回访数据\n        \"\"\"\n>       self.login(browser, base_url)\n\ntest_dir\\test_popup.py:66: \n_ _ _ _ _ _ _ _ _ _ _ _ _ _ _ _ _ _ _ _ _ _ _ _ _ _ _ _ _ _ _ _ _ _ _ _ _ _ _ _ _ _ _ _ _ _ _ _ _ _ _ _ _ _ _ _ _ _ _ _ _ _ _ _ _ _ _ _ _ _ _ _ _ _ _ _ _ _ _ _ _ _ _ _ _ _ _ _ _ _ _ _ _ _ _ _ _ _ _ _ _ _ _ _ _ _ _ _ _ _ _ _ _ _ _ _ _ _ _ _ _ _ _ _ _ _ _ _ _ _ _ _ \ntest_dir\\test_popup.py:24: in login\n    page.input_staff_name = '唐静'\nC:\\Program Files\\Python38\\lib\\site-packages\\poium\\page_objects.py:98: in __set__\n    self.send_keys(value)\nC:\\Program Files\\Python38\\lib\\site-packages\\poium\\page_objects.py:227: in send_keys\n    elem = self.__get_element(self.k, self.v)\nC:\\Program Files\\Python38\\lib\\site-packages\\poium\\page_objects.py:140: in __get_element\n    self.__find_element((By.NAME, value))\n_ _ _ _ _ _ _ _ _ _ _ _ _ _ _ _ _ _ _ _ _ _ _ _ _ _ _ _ _ _ _ _ _ _ _ _ _ _ _ _ _ _ _ _ _ _ _ _ _ _ _ _ _ _ _ _ _ _ _ _ _ _ _ _ _ _ _ _ _ _ _ _ _ _ _ _ _ _ _ _ _ _ _ _ _ _ _ _ _ _ _ _ _ _ _ _ _ _ _ _ _ _ _ _ _ _ _ _ _ _ _ _ _ _ _ _ _ _ _ _ _ _ _ _ _ _ _ _ _ _ _ _ \n\nself = <poium.page_objects.Element object at 0x0000000003C565E0>, elem = ('name', 'staff_name')\n\n    def __find_element(self, elem):\n        \"\"\"\n        Find if the element exists.\n        \"\"\"\n        for i in range(self.timeout):\n            try:\n                elems = self.__elements(elem[0], elem[1])\n            except FunctionTimedOut:\n                elems = []\n    \n            if len(elems) == 1:\n                logging.info(\"✅ Find element: {by}={value} \".format(\n                    by=elem[0], value=elem[1]))\n                break\n            elif len(elems) > 1:\n                logging.info(\"❓ Find {n} elements through: {by}={value}\".format(\n                    n=len(elems), by=elem[0], value=elem[1]))\n                break\n            else:\n                sleep(1)\n        else:\n            error_msg = \"❌ Find 0 elements through: {by}={value}\".format(by=elem[0], value=elem[1])\n            logging.error(error_msg)\n>           raise NoSuchElementException(error_msg)\nE           selenium.common.exceptions.NoSuchElementException: Message: ❌ Find 0 elements through: name=staff_name\n\nC:\\Program Files\\Python38\\lib\\site-packages\\poium\\page_objects.py:128: NoSuchElementException",
  "flaky" : false,
  "newFailed" : false,
  "beforeStages" : [ {
    "name" : "base_url",
    "time" : {
      "start" : 1626834992108,
      "stop" : 1626834992108,
      "duration" : 0
    },
    "status" : "passed",
    "steps" : [ ],
    "attachments" : [ ],
    "parameters" : [ ],
    "stepsCount" : 0,
    "hasContent" : false,
    "attachmentsCount" : 0,
    "shouldDisplayMessage" : false
  }, {
    "name" : "browser",
    "time" : {
      "start" : 1626834970649,
      "stop" : 1626834972444,
      "duration" : 1795
    },
    "status" : "passed",
    "steps" : [ ],
    "attachments" : [ ],
    "parameters" : [ ],
    "stepsCount" : 0,
    "hasContent" : false,
    "attachmentsCount" : 0,
    "shouldDisplayMessage" : false
  }, {
    "name" : "browser_close",
    "time" : {
      "start" : 1626834972444,
      "stop" : 1626834972444,
      "duration" : 0
    },
    "status" : "passed",
    "steps" : [ ],
    "attachments" : [ ],
    "parameters" : [ ],
    "stepsCount" : 0,
    "hasContent" : false,
    "attachmentsCount" : 0,
    "shouldDisplayMessage" : false
  } ],
  "testStage" : {
    "description" : "\n        模拟业务员待回访数据验证:\n        1.查询业务员待回访数据\n        2.点击信息图标获取信息下拉菜单中的待回访客户数据\n        3.验证待回访数据\n        ",
    "status" : "broken",
    "statusMessage" : "selenium.common.exceptions.NoSuchElementException: Message: ❌ Find 0 elements through: name=staff_name",
    "statusTrace" : "self = <test_dir.test_popup.TestPopup object at 0x0000000003CACFA0>, browser = <selenium.webdriver.chrome.webdriver.WebDriver (session=\"cceaf9559bf6f55827270ca4a227e8ac\")>, base_url = 'http://newtest.elinkbuy.cn'\n\n    def test_wait_visit_case(self, browser, base_url):\n        \"\"\"\n        模拟业务员待回访数据验证:\n        1.查询业务员待回访数据\n        2.点击信息图标获取信息下拉菜单中的待回访客户数据\n        3.验证待回访数据\n        \"\"\"\n>       self.login(browser, base_url)\n\ntest_dir\\test_popup.py:66: \n_ _ _ _ _ _ _ _ _ _ _ _ _ _ _ _ _ _ _ _ _ _ _ _ _ _ _ _ _ _ _ _ _ _ _ _ _ _ _ _ _ _ _ _ _ _ _ _ _ _ _ _ _ _ _ _ _ _ _ _ _ _ _ _ _ _ _ _ _ _ _ _ _ _ _ _ _ _ _ _ _ _ _ _ _ _ _ _ _ _ _ _ _ _ _ _ _ _ _ _ _ _ _ _ _ _ _ _ _ _ _ _ _ _ _ _ _ _ _ _ _ _ _ _ _ _ _ _ _ _ _ _ \ntest_dir\\test_popup.py:24: in login\n    page.input_staff_name = '唐静'\nC:\\Program Files\\Python38\\lib\\site-packages\\poium\\page_objects.py:98: in __set__\n    self.send_keys(value)\nC:\\Program Files\\Python38\\lib\\site-packages\\poium\\page_objects.py:227: in send_keys\n    elem = self.__get_element(self.k, self.v)\nC:\\Program Files\\Python38\\lib\\site-packages\\poium\\page_objects.py:140: in __get_element\n    self.__find_element((By.NAME, value))\n_ _ _ _ _ _ _ _ _ _ _ _ _ _ _ _ _ _ _ _ _ _ _ _ _ _ _ _ _ _ _ _ _ _ _ _ _ _ _ _ _ _ _ _ _ _ _ _ _ _ _ _ _ _ _ _ _ _ _ _ _ _ _ _ _ _ _ _ _ _ _ _ _ _ _ _ _ _ _ _ _ _ _ _ _ _ _ _ _ _ _ _ _ _ _ _ _ _ _ _ _ _ _ _ _ _ _ _ _ _ _ _ _ _ _ _ _ _ _ _ _ _ _ _ _ _ _ _ _ _ _ _ \n\nself = <poium.page_objects.Element object at 0x0000000003C565E0>, elem = ('name', 'staff_name')\n\n    def __find_element(self, elem):\n        \"\"\"\n        Find if the element exists.\n        \"\"\"\n        for i in range(self.timeout):\n            try:\n                elems = self.__elements(elem[0], elem[1])\n            except FunctionTimedOut:\n                elems = []\n    \n            if len(elems) == 1:\n                logging.info(\"✅ Find element: {by}={value} \".format(\n                    by=elem[0], value=elem[1]))\n                break\n            elif len(elems) > 1:\n                logging.info(\"❓ Find {n} elements through: {by}={value}\".format(\n                    n=len(elems), by=elem[0], value=elem[1]))\n                break\n            else:\n                sleep(1)\n        else:\n            error_msg = \"❌ Find 0 elements through: {by}={value}\".format(by=elem[0], value=elem[1])\n            logging.error(error_msg)\n>           raise NoSuchElementException(error_msg)\nE           selenium.common.exceptions.NoSuchElementException: Message: ❌ Find 0 elements through: name=staff_name\n\nC:\\Program Files\\Python38\\lib\\site-packages\\poium\\page_objects.py:128: NoSuchElementException",
    "steps" : [ {
      "name" : "添加失败截图...",
      "time" : {
        "start" : 1626835019372,
        "stop" : 1626835019534,
        "duration" : 162
      },
      "status" : "passed",
      "steps" : [ ],
      "attachments" : [ {
        "uid" : "c03c6a7b004c2832",
        "name" : "失败截图",
        "source" : "c03c6a7b004c2832.png",
        "type" : "image/png",
        "size" : 114448
      } ],
      "parameters" : [ ],
      "stepsCount" : 0,
      "hasContent" : true,
      "attachmentsCount" : 1,
      "shouldDisplayMessage" : false
    } ],
    "attachments" : [ {
      "uid" : "ebbd7b4c6ee21a80",
      "name" : "log",
      "source" : "ebbd7b4c6ee21a80.txt",
      "type" : "text/plain",
      "size" : 101
    }, {
      "uid" : "6d86310dec51bf2b",
      "name" : "stdout",
      "source" : "6d86310dec51bf2b.txt",
      "type" : "text/plain",
      "size" : 94
    } ],
    "parameters" : [ ],
    "stepsCount" : 1,
    "hasContent" : true,
    "attachmentsCount" : 3,
    "shouldDisplayMessage" : true
  },
  "afterStages" : [ {
    "name" : "browser_close::0",
    "time" : {
      "start" : 1626835019536,
      "stop" : 1626835021650,
      "duration" : 2114
    },
    "status" : "passed",
    "steps" : [ ],
    "attachments" : [ ],
    "parameters" : [ ],
    "stepsCount" : 0,
    "hasContent" : false,
    "attachmentsCount" : 0,
    "shouldDisplayMessage" : false
  } ],
  "labels" : [ {
    "name" : "parentSuite",
    "value" : "test_dir"
  }, {
    "name" : "suite",
    "value" : "test_popup"
  }, {
    "name" : "subSuite",
    "value" : "TestPopup"
  }, {
    "name" : "host",
    "value" : "Win7-2019MNTZRK"
  }, {
    "name" : "thread",
    "value" : "9152-MainThread"
  }, {
    "name" : "framework",
    "value" : "pytest"
  }, {
    "name" : "language",
    "value" : "cpython3"
  }, {
    "name" : "package",
    "value" : "test_dir.test_popup"
  }, {
    "name" : "resultFormat",
    "value" : "allure2"
  } ],
  "parameters" : [ ],
  "links" : [ ],
  "hidden" : true,
  "retry" : true,
  "extra" : {
    "categories" : [ ],
    "tags" : [ ]
  },
  "source" : "2b88b853ed13380c.json",
  "parameterValues" : [ ]
}