{
  "uid" : "6a20886979fafdfc",
  "name" : "test_popup_show_case",
  "fullName" : "test_dir.test_popup.TestPopup#test_popup_show_case",
  "historyId" : "b76382b248c9ab9fa69ae7a36c0f5bd9",
  "time" : {
    "start" : 1626838073296,
    "stop" : 1626838082222,
    "duration" : 8926
  },
  "description" : "\n        检测弹窗弹出：\n        步骤：\n        1.检测弹层是否正常弹出\n        2.检测点击信息图标是否正常出现下拉菜单\n        ",
  "descriptionHtml" : "<pre><code>    检测弹窗弹出：\n    步骤：\n    1.检测弹层是否正常弹出\n    2.检测点击信息图标是否正常出现下拉菜单\n</code></pre>\n",
  "status" : "broken",
  "statusMessage" : "selenium.common.exceptions.NoSuchElementException: Message: ❌ Find 0 elements through: name=staff_name",
  "statusTrace" : "self = <test_dir.test_popup.TestPopup object at 0x00000000049F9AC0>, browser = <selenium.webdriver.chrome.webdriver.WebDriver (session=\"a5c7da05d20dcf888453d88a4c84c093\")>, base_url = 'http://newtest.elinkbuy.cn'\n\n    def test_popup_show_case(self, browser, base_url):\n        \"\"\"\n        检测弹窗弹出：\n        步骤：\n        1.检测弹层是否正常弹出\n        2.检测点击信息图标是否正常出现下拉菜单\n        \"\"\"\n>       self.login(browser, base_url)\n\ntest_dir\\test_popup.py:36: \n_ _ _ _ _ _ _ _ _ _ _ _ _ _ _ _ _ _ _ _ _ _ _ _ _ _ _ _ _ _ _ _ _ _ _ _ _ _ _ _ _ _ _ _ _ _ _ _ _ _ _ _ _ _ _ _ _ _ _ _ _ _ _ _ _ _ _ _ _ _ _ _ _ _ _ _ _ _ _ _ _ _ _ _ _ _ _ _ _ _ _ _ _ _ _ _ _ _ _ _ _ _ _ _ _ _ _ _ _ _ _ _ _ _ _ _ _ _ _ _ _ _ _ _ _ _ _ _ _ _ _ _ \ntest_dir\\test_popup.py:24: in login\n    self.page.input_staff_name = '唐静'\nC:\\Program Files\\Python38\\lib\\site-packages\\poium\\page_objects.py:98: in __set__\n    self.send_keys(value)\nC:\\Program Files\\Python38\\lib\\site-packages\\poium\\page_objects.py:227: in send_keys\n    elem = self.__get_element(self.k, self.v)\nC:\\Program Files\\Python38\\lib\\site-packages\\poium\\page_objects.py:140: in __get_element\n    self.__find_element((By.NAME, value))\n_ _ _ _ _ _ _ _ _ _ _ _ _ _ _ _ _ _ _ _ _ _ _ _ _ _ _ _ _ _ _ _ _ _ _ _ _ _ _ _ _ _ _ _ _ _ _ _ _ _ _ _ _ _ _ _ _ _ _ _ _ _ _ _ _ _ _ _ _ _ _ _ _ _ _ _ _ _ _ _ _ _ _ _ _ _ _ _ _ _ _ _ _ _ _ _ _ _ _ _ _ _ _ _ _ _ _ _ _ _ _ _ _ _ _ _ _ _ _ _ _ _ _ _ _ _ _ _ _ _ _ _ \n\nself = <poium.page_objects.Element object at 0x0000000003C57760>, elem = ('name', 'staff_name')\n\n    def __find_element(self, elem):\n        \"\"\"\n        Find if the element exists.\n        \"\"\"\n        for i in range(self.timeout):\n            try:\n                elems = self.__elements(elem[0], elem[1])\n            except FunctionTimedOut:\n                elems = []\n    \n            if len(elems) == 1:\n                logging.info(\"✅ Find element: {by}={value} \".format(\n                    by=elem[0], value=elem[1]))\n                break\n            elif len(elems) > 1:\n                logging.info(\"❓ Find {n} elements through: {by}={value}\".format(\n                    n=len(elems), by=elem[0], value=elem[1]))\n                break\n            else:\n                sleep(1)\n        else:\n            error_msg = \"❌ Find 0 elements through: {by}={value}\".format(by=elem[0], value=elem[1])\n            logging.error(error_msg)\n>           raise NoSuchElementException(error_msg)\nE           selenium.common.exceptions.NoSuchElementException: Message: ❌ Find 0 elements through: name=staff_name\n\nC:\\Program Files\\Python38\\lib\\site-packages\\poium\\page_objects.py:128: NoSuchElementException",
  "flaky" : false,
  "newFailed" : false,
  "beforeStages" : [ {
    "name" : "browser",
    "time" : {
      "start" : 1626838050423,
      "stop" : 1626838052804,
      "duration" : 2381
    },
    "status" : "passed",
    "steps" : [ ],
    "attachments" : [ ],
    "parameters" : [ ],
    "stepsCount" : 0,
    "hasContent" : false,
    "attachmentsCount" : 0,
    "shouldDisplayMessage" : false
  }, {
    "name" : "base_url",
    "time" : {
      "start" : 1626838073296,
      "stop" : 1626838073296,
      "duration" : 0
    },
    "status" : "passed",
    "steps" : [ ],
    "attachments" : [ ],
    "parameters" : [ ],
    "stepsCount" : 0,
    "hasContent" : false,
    "attachmentsCount" : 0,
    "shouldDisplayMessage" : false
  }, {
    "name" : "browser_close",
    "time" : {
      "start" : 1626838052804,
      "stop" : 1626838052804,
      "duration" : 0
    },
    "status" : "passed",
    "steps" : [ ],
    "attachments" : [ ],
    "parameters" : [ ],
    "stepsCount" : 0,
    "hasContent" : false,
    "attachmentsCount" : 0,
    "shouldDisplayMessage" : false
  } ],
  "testStage" : {
    "description" : "\n        检测弹窗弹出：\n        步骤：\n        1.检测弹层是否正常弹出\n        2.检测点击信息图标是否正常出现下拉菜单\n        ",
    "status" : "broken",
    "statusMessage" : "selenium.common.exceptions.NoSuchElementException: Message: ❌ Find 0 elements through: name=staff_name",
    "statusTrace" : "self = <test_dir.test_popup.TestPopup object at 0x00000000049F9AC0>, browser = <selenium.webdriver.chrome.webdriver.WebDriver (session=\"a5c7da05d20dcf888453d88a4c84c093\")>, base_url = 'http://newtest.elinkbuy.cn'\n\n    def test_popup_show_case(self, browser, base_url):\n        \"\"\"\n        检测弹窗弹出：\n        步骤：\n        1.检测弹层是否正常弹出\n        2.检测点击信息图标是否正常出现下拉菜单\n        \"\"\"\n>       self.login(browser, base_url)\n\ntest_dir\\test_popup.py:36: \n_ _ _ _ _ _ _ _ _ _ _ _ _ _ _ _ _ _ _ _ _ _ _ _ _ _ _ _ _ _ _ _ _ _ _ _ _ _ _ _ _ _ _ _ _ _ _ _ _ _ _ _ _ _ _ _ _ _ _ _ _ _ _ _ _ _ _ _ _ _ _ _ _ _ _ _ _ _ _ _ _ _ _ _ _ _ _ _ _ _ _ _ _ _ _ _ _ _ _ _ _ _ _ _ _ _ _ _ _ _ _ _ _ _ _ _ _ _ _ _ _ _ _ _ _ _ _ _ _ _ _ _ \ntest_dir\\test_popup.py:24: in login\n    self.page.input_staff_name = '唐静'\nC:\\Program Files\\Python38\\lib\\site-packages\\poium\\page_objects.py:98: in __set__\n    self.send_keys(value)\nC:\\Program Files\\Python38\\lib\\site-packages\\poium\\page_objects.py:227: in send_keys\n    elem = self.__get_element(self.k, self.v)\nC:\\Program Files\\Python38\\lib\\site-packages\\poium\\page_objects.py:140: in __get_element\n    self.__find_element((By.NAME, value))\n_ _ _ _ _ _ _ _ _ _ _ _ _ _ _ _ _ _ _ _ _ _ _ _ _ _ _ _ _ _ _ _ _ _ _ _ _ _ _ _ _ _ _ _ _ _ _ _ _ _ _ _ _ _ _ _ _ _ _ _ _ _ _ _ _ _ _ _ _ _ _ _ _ _ _ _ _ _ _ _ _ _ _ _ _ _ _ _ _ _ _ _ _ _ _ _ _ _ _ _ _ _ _ _ _ _ _ _ _ _ _ _ _ _ _ _ _ _ _ _ _ _ _ _ _ _ _ _ _ _ _ _ \n\nself = <poium.page_objects.Element object at 0x0000000003C57760>, elem = ('name', 'staff_name')\n\n    def __find_element(self, elem):\n        \"\"\"\n        Find if the element exists.\n        \"\"\"\n        for i in range(self.timeout):\n            try:\n                elems = self.__elements(elem[0], elem[1])\n            except FunctionTimedOut:\n                elems = []\n    \n            if len(elems) == 1:\n                logging.info(\"✅ Find element: {by}={value} \".format(\n                    by=elem[0], value=elem[1]))\n                break\n            elif len(elems) > 1:\n                logging.info(\"❓ Find {n} elements through: {by}={value}\".format(\n                    n=len(elems), by=elem[0], value=elem[1]))\n                break\n            else:\n                sleep(1)\n        else:\n            error_msg = \"❌ Find 0 elements through: {by}={value}\".format(by=elem[0], value=elem[1])\n            logging.error(error_msg)\n>           raise NoSuchElementException(error_msg)\nE           selenium.common.exceptions.NoSuchElementException: Message: ❌ Find 0 elements through: name=staff_name\n\nC:\\Program Files\\Python38\\lib\\site-packages\\poium\\page_objects.py:128: NoSuchElementException",
    "steps" : [ {
      "name" : "添加失败截图...",
      "time" : {
        "start" : 1626838099977,
        "stop" : 1626838100173,
        "duration" : 196
      },
      "status" : "passed",
      "steps" : [ ],
      "attachments" : [ {
        "uid" : "5b9d701c5dbc1771",
        "name" : "失败截图",
        "source" : "5b9d701c5dbc1771.png",
        "type" : "image/png",
        "size" : 83993
      } ],
      "parameters" : [ ],
      "stepsCount" : 0,
      "hasContent" : true,
      "attachmentsCount" : 1,
      "shouldDisplayMessage" : false
    } ],
    "attachments" : [ {
      "uid" : "1863e30b735c9ef",
      "name" : "log",
      "source" : "1863e30b735c9ef.txt",
      "type" : "text/plain",
      "size" : 1102
    }, {
      "uid" : "77a86f8154f91943",
      "name" : "stdout",
      "source" : "77a86f8154f91943.txt",
      "type" : "text/plain",
      "size" : 945
    } ],
    "parameters" : [ ],
    "stepsCount" : 1,
    "hasContent" : true,
    "attachmentsCount" : 3,
    "shouldDisplayMessage" : true
  },
  "afterStages" : [ {
    "name" : "browser_close::0",
    "time" : {
      "start" : 1626838127389,
      "stop" : 1626838129617,
      "duration" : 2228
    },
    "status" : "passed",
    "steps" : [ ],
    "attachments" : [ ],
    "parameters" : [ ],
    "stepsCount" : 0,
    "hasContent" : false,
    "attachmentsCount" : 0,
    "shouldDisplayMessage" : false
  } ],
  "labels" : [ {
    "name" : "parentSuite",
    "value" : "test_dir"
  }, {
    "name" : "suite",
    "value" : "test_popup"
  }, {
    "name" : "subSuite",
    "value" : "TestPopup"
  }, {
    "name" : "host",
    "value" : "Win7-2019MNTZRK"
  }, {
    "name" : "thread",
    "value" : "2592-MainThread"
  }, {
    "name" : "framework",
    "value" : "pytest"
  }, {
    "name" : "language",
    "value" : "cpython3"
  }, {
    "name" : "package",
    "value" : "test_dir.test_popup"
  }, {
    "name" : "resultFormat",
    "value" : "allure2"
  } ],
  "parameters" : [ ],
  "links" : [ ],
  "hidden" : true,
  "retry" : true,
  "extra" : {
    "categories" : [ ],
    "tags" : [ ]
  },
  "source" : "6a20886979fafdfc.json",
  "parameterValues" : [ ]
}