<?xml version="1.0" encoding="utf-8"?><testsuites><testsuite name="pytest" errors="0" failures="1" skipped="0" tests="1" time="65.852" timestamp="2021-07-26T16:06:28.913401" hostname="Win7-2019MNTZRK"><testcase classname="test_dir.test_popup.TestPopup" name="test_wait_visit_case" time="62.540"><failure message="AssertionError: assert 240 == '240'&#10;  +240&#10;  -'240'">self = &lt;test_dir.test_popup.TestPopup object at 0x00000000048C5970&gt;, browser = &lt;selenium.webdriver.chrome.webdriver.WebDriver (session="e471bc702138c69409af5023003191e4")&gt;, base_url = 'http://newtest.elinkbuy.cn'

    def test_wait_visit_case(self, browser, base_url):
        """
        模拟业务员待回访数据验证:
        1.查询业务员待回访数据
        2.点击信息图标获取信息下拉菜单中的待回访客户数据
        3.验证待回访数据
        """
        self.login(browser, base_url)
        wait_visit_total = self.get_wait_visit_total(self.staff_info['roles_str'], self.staff_info['staff_id'])
        # print(wait_visit_total)
        sleep(2)
    
        layer_shades = self.page.layer_shades
        for layer_shade in layer_shades:
            self.page.execute_script('arguments[0].click()', layer_shade)  # 关闭弹窗
        sleep(2)
    
        self.page.message_button.click()  # 点击信息图标
        is_display = self.page.message_box.is_displayed()  # 信息下拉菜单
        wait_visit_text =0
        if is_display is True:
            # print(self.page.wait_visit_count.text)
            wait_visit_text = self.page.wait_visit_count.text
        else:
            print("打开信息下拉框失败！")
    
&gt;       assert wait_visit_total == wait_visit_text
E       AssertionError: assert 240 == '240'
E         +240
E         -'240'

test_dir\test_popup.py:98: AssertionError</failure></testcase></testsuite></testsuites>